2024-12-20T07:06:08.552-05:00  INFO 28532 --- [TicketingSystem] [main] c.r.T.TicketingSystemApplication         : Starting TicketingSystemApplication using Java 17.0.13 with PID 28532 (C:\Users\winso\Desktop\Revature\Projects\project-1\Back_end\target\classes started by winso in C:\Users\winso\Desktop\Revature\Projects\project-1)
2024-12-20T07:06:08.558-05:00  INFO 28532 --- [TicketingSystem] [main] c.r.T.TicketingSystemApplication         : No active profile set, falling back to 1 default profile: "default"
2024-12-20T07:06:09.078-05:00  INFO 28532 --- [TicketingSystem] [main] .s.d.r.c.RepositoryConfigurationDelegate : Bootstrapping Spring Data JPA repositories in DEFAULT mode.
2024-12-20T07:06:09.135-05:00  INFO 28532 --- [TicketingSystem] [main] .s.d.r.c.RepositoryConfigurationDelegate : Finished Spring Data repository scanning in 48 ms. Found 2 JPA repository interfaces.
2024-12-20T07:06:09.623-05:00  INFO 28532 --- [TicketingSystem] [main] o.s.b.w.embedded.tomcat.TomcatWebServer  : Tomcat initialized with port 8080 (http)
2024-12-20T07:06:09.632-05:00  INFO 28532 --- [TicketingSystem] [main] o.apache.catalina.core.StandardService   : Starting service [Tomcat]
2024-12-20T07:06:09.633-05:00  INFO 28532 --- [TicketingSystem] [main] o.apache.catalina.core.StandardEngine    : Starting Servlet engine: [Apache Tomcat/10.1.34]
2024-12-20T07:06:09.688-05:00  INFO 28532 --- [TicketingSystem] [main] o.a.c.c.C.[Tomcat].[localhost].[/]       : Initializing Spring embedded WebApplicationContext
2024-12-20T07:06:09.689-05:00  INFO 28532 --- [TicketingSystem] [main] w.s.c.ServletWebServerApplicationContext : Root WebApplicationContext: initialization completed in 1093 ms
2024-12-20T07:06:09.816-05:00  INFO 28532 --- [TicketingSystem] [main] com.zaxxer.hikari.HikariDataSource       : HikariPool-1 - Starting...
2024-12-20T07:06:10.333-05:00  INFO 28532 --- [TicketingSystem] [main] com.zaxxer.hikari.pool.HikariPool        : HikariPool-1 - Added connection org.postgresql.jdbc.PgConnection@3dbd7107
2024-12-20T07:06:10.335-05:00  INFO 28532 --- [TicketingSystem] [main] com.zaxxer.hikari.HikariDataSource       : HikariPool-1 - Start completed.
2024-12-20T07:06:10.405-05:00  INFO 28532 --- [TicketingSystem] [main] o.hibernate.jpa.internal.util.LogHelper  : HHH000204: Processing PersistenceUnitInfo [name: default]
2024-12-20T07:06:10.468-05:00  INFO 28532 --- [TicketingSystem] [main] org.hibernate.Version                    : HHH000412: Hibernate ORM core version 6.6.4.Final
2024-12-20T07:06:10.510-05:00  INFO 28532 --- [TicketingSystem] [main] o.h.c.internal.RegionFactoryInitiator    : HHH000026: Second-level cache disabled
2024-12-20T07:06:10.789-05:00  INFO 28532 --- [TicketingSystem] [main] o.s.o.j.p.SpringPersistenceUnitInfo      : No LoadTimeWeaver setup: ignoring JPA class transformer
2024-12-20T07:06:10.860-05:00  WARN 28532 --- [TicketingSystem] [main] org.hibernate.orm.deprecation            : HHH90000025: PostgreSQLDialect does not need to be specified explicitly using 'hibernate.dialect' (remove the property setting and it will be selected by default)
2024-12-20T07:06:10.923-05:00  INFO 28532 --- [TicketingSystem] [main] org.hibernate.orm.connections.pooling    : HHH10001005: Database info:
	Database JDBC URL [Connecting through datasource 'HikariDataSource (HikariPool-1)']
	Database driver: undefined/unknown
	Database version: 16.3
	Autocommit mode: undefined/unknown
	Isolation level: undefined/unknown
	Minimum pool size: undefined/unknown
	Maximum pool size: undefined/unknown
2024-12-20T07:06:11.544-05:00  INFO 28532 --- [TicketingSystem] [main] o.h.e.t.j.p.i.JtaPlatformInitiator       : HHH000489: No JTA platform available (set 'hibernate.transaction.jta.platform' to enable JTA platform integration)
2024-12-20T07:06:11.641-05:00  INFO 28532 --- [TicketingSystem] [main] j.LocalContainerEntityManagerFactoryBean : Initialized JPA EntityManagerFactory for persistence unit 'default'
2024-12-20T07:06:11.912-05:00  WARN 28532 --- [TicketingSystem] [main] JpaBaseConfiguration$JpaWebConfiguration : spring.jpa.open-in-view is enabled by default. Therefore, database queries may be performed during view rendering. Explicitly configure spring.jpa.open-in-view to disable this warning
2024-12-20T07:06:12.328-05:00  INFO 28532 --- [TicketingSystem] [main] o.s.b.w.embedded.tomcat.TomcatWebServer  : Tomcat started on port 8080 (http) with context path '/'
2024-12-20T07:06:12.338-05:00  INFO 28532 --- [TicketingSystem] [main] c.r.T.TicketingSystemApplication         : Started TicketingSystemApplication in 4.178 seconds (process running for 4.485)
2024-12-20T07:19:55.224-05:00  INFO 28532 --- [TicketingSystem] [http-nio-8080-exec-1] o.a.c.c.C.[Tomcat].[localhost].[/]       : Initializing Spring DispatcherServlet 'dispatcherServlet'
2024-12-20T07:19:55.225-05:00  INFO 28532 --- [TicketingSystem] [http-nio-8080-exec-1] o.s.web.servlet.DispatcherServlet        : Initializing Servlet 'dispatcherServlet'
2024-12-20T07:19:55.226-05:00  INFO 28532 --- [TicketingSystem] [http-nio-8080-exec-1] o.s.web.servlet.DispatcherServlet        : Completed initialization in 1 ms
2024-12-20T07:49:32.998-05:00  INFO 27832 --- [TicketingSystem] [main] c.r.T.TicketingSystemApplication         : Starting TicketingSystemApplication using Java 17.0.13 with PID 27832 (C:\Users\winso\Desktop\Revature\Projects\project-1\Back_end\target\classes started by winso in C:\Users\winso\Desktop\Revature\Projects\project-1)
2024-12-20T07:49:33.003-05:00  INFO 27832 --- [TicketingSystem] [main] c.r.T.TicketingSystemApplication         : No active profile set, falling back to 1 default profile: "default"
2024-12-20T07:49:33.546-05:00  INFO 27832 --- [TicketingSystem] [main] .s.d.r.c.RepositoryConfigurationDelegate : Bootstrapping Spring Data JPA repositories in DEFAULT mode.
2024-12-20T07:49:33.602-05:00  INFO 27832 --- [TicketingSystem] [main] .s.d.r.c.RepositoryConfigurationDelegate : Finished Spring Data repository scanning in 46 ms. Found 2 JPA repository interfaces.
2024-12-20T07:49:34.130-05:00  INFO 27832 --- [TicketingSystem] [main] o.s.b.w.embedded.tomcat.TomcatWebServer  : Tomcat initialized with port 8080 (http)
2024-12-20T07:49:34.145-05:00  INFO 27832 --- [TicketingSystem] [main] o.apache.catalina.core.StandardService   : Starting service [Tomcat]
2024-12-20T07:49:34.146-05:00  INFO 27832 --- [TicketingSystem] [main] o.apache.catalina.core.StandardEngine    : Starting Servlet engine: [Apache Tomcat/10.1.34]
2024-12-20T07:49:34.203-05:00  INFO 27832 --- [TicketingSystem] [main] o.a.c.c.C.[Tomcat].[localhost].[/]       : Initializing Spring embedded WebApplicationContext
2024-12-20T07:49:34.204-05:00  INFO 27832 --- [TicketingSystem] [main] w.s.c.ServletWebServerApplicationContext : Root WebApplicationContext: initialization completed in 1158 ms
2024-12-20T07:49:34.333-05:00  INFO 27832 --- [TicketingSystem] [main] com.zaxxer.hikari.HikariDataSource       : HikariPool-1 - Starting...
2024-12-20T07:49:34.821-05:00  INFO 27832 --- [TicketingSystem] [main] com.zaxxer.hikari.pool.HikariPool        : HikariPool-1 - Added connection org.postgresql.jdbc.PgConnection@6aa5974e
2024-12-20T07:49:34.823-05:00  INFO 27832 --- [TicketingSystem] [main] com.zaxxer.hikari.HikariDataSource       : HikariPool-1 - Start completed.
2024-12-20T07:49:34.888-05:00  INFO 27832 --- [TicketingSystem] [main] o.hibernate.jpa.internal.util.LogHelper  : HHH000204: Processing PersistenceUnitInfo [name: default]
2024-12-20T07:49:34.945-05:00  INFO 27832 --- [TicketingSystem] [main] org.hibernate.Version                    : HHH000412: Hibernate ORM core version 6.6.4.Final
2024-12-20T07:49:34.984-05:00  INFO 27832 --- [TicketingSystem] [main] o.h.c.internal.RegionFactoryInitiator    : HHH000026: Second-level cache disabled
2024-12-20T07:49:35.233-05:00  INFO 27832 --- [TicketingSystem] [main] o.s.o.j.p.SpringPersistenceUnitInfo      : No LoadTimeWeaver setup: ignoring JPA class transformer
2024-12-20T07:49:35.314-05:00  WARN 27832 --- [TicketingSystem] [main] org.hibernate.orm.deprecation            : HHH90000025: PostgreSQLDialect does not need to be specified explicitly using 'hibernate.dialect' (remove the property setting and it will be selected by default)
2024-12-20T07:49:35.376-05:00  INFO 27832 --- [TicketingSystem] [main] org.hibernate.orm.connections.pooling    : HHH10001005: Database info:
	Database JDBC URL [Connecting through datasource 'HikariDataSource (HikariPool-1)']
	Database driver: undefined/unknown
	Database version: 16.3
	Autocommit mode: undefined/unknown
	Isolation level: undefined/unknown
	Minimum pool size: undefined/unknown
	Maximum pool size: undefined/unknown
2024-12-20T07:49:36.001-05:00  INFO 27832 --- [TicketingSystem] [main] o.h.e.t.j.p.i.JtaPlatformInitiator       : HHH000489: No JTA platform available (set 'hibernate.transaction.jta.platform' to enable JTA platform integration)
2024-12-20T07:49:36.102-05:00  INFO 27832 --- [TicketingSystem] [main] j.LocalContainerEntityManagerFactoryBean : Initialized JPA EntityManagerFactory for persistence unit 'default'
2024-12-20T07:49:36.374-05:00  WARN 27832 --- [TicketingSystem] [main] JpaBaseConfiguration$JpaWebConfiguration : spring.jpa.open-in-view is enabled by default. Therefore, database queries may be performed during view rendering. Explicitly configure spring.jpa.open-in-view to disable this warning
2024-12-20T07:49:36.848-05:00  INFO 27832 --- [TicketingSystem] [main] o.s.b.w.embedded.tomcat.TomcatWebServer  : Tomcat started on port 8080 (http) with context path '/'
2024-12-20T07:49:36.859-05:00  INFO 27832 --- [TicketingSystem] [main] c.r.T.TicketingSystemApplication         : Started TicketingSystemApplication in 4.24 seconds (process running for 4.526)
2024-12-20T07:55:47.439-05:00  INFO 27832 --- [TicketingSystem] [http-nio-8080-exec-1] o.a.c.c.C.[Tomcat].[localhost].[/]       : Initializing Spring DispatcherServlet 'dispatcherServlet'
2024-12-20T07:55:47.440-05:00  INFO 27832 --- [TicketingSystem] [http-nio-8080-exec-1] o.s.web.servlet.DispatcherServlet        : Initializing Servlet 'dispatcherServlet'
2024-12-20T07:55:47.441-05:00  INFO 27832 --- [TicketingSystem] [http-nio-8080-exec-1] o.s.web.servlet.DispatcherServlet        : Completed initialization in 1 ms
