2024-12-20T11:57:52.393-05:00  INFO 34152 --- [TicketingSystem] [main] c.r.T.TicketingSystemApplication         : Starting TicketingSystemApplication using Java 17.0.13 with PID 34152 (C:\Users\winso\Desktop\Revature\Projects\project-1\Back_end\target\classes started by winso in C:\Users\winso\Desktop\Revature\Projects\project-1\Back_end)
2024-12-20T11:57:52.395-05:00  INFO 34152 --- [TicketingSystem] [main] c.r.T.TicketingSystemApplication         : No active profile set, falling back to 1 default profile: "default"
2024-12-20T11:57:52.956-05:00  INFO 34152 --- [TicketingSystem] [main] .s.d.r.c.RepositoryConfigurationDelegate : Bootstrapping Spring Data JPA repositories in DEFAULT mode.
2024-12-20T11:57:53.035-05:00  INFO 34152 --- [TicketingSystem] [main] .s.d.r.c.RepositoryConfigurationDelegate : Finished Spring Data repository scanning in 58 ms. Found 2 JPA repository interfaces.
2024-12-20T11:57:53.611-05:00  INFO 34152 --- [TicketingSystem] [main] o.s.b.w.embedded.tomcat.TomcatWebServer  : Tomcat initialized with port 8080 (http)
2024-12-20T11:57:53.624-05:00  INFO 34152 --- [TicketingSystem] [main] o.apache.catalina.core.StandardService   : Starting service [Tomcat]
2024-12-20T11:57:53.624-05:00  INFO 34152 --- [TicketingSystem] [main] o.apache.catalina.core.StandardEngine    : Starting Servlet engine: [Apache Tomcat/10.1.34]
2024-12-20T11:57:53.682-05:00  INFO 34152 --- [TicketingSystem] [main] o.a.c.c.C.[Tomcat].[localhost].[/]       : Initializing Spring embedded WebApplicationContext
2024-12-20T11:57:53.683-05:00  INFO 34152 --- [TicketingSystem] [main] w.s.c.ServletWebServerApplicationContext : Root WebApplicationContext: initialization completed in 1245 ms
2024-12-20T11:57:53.826-05:00  INFO 34152 --- [TicketingSystem] [main] com.zaxxer.hikari.HikariDataSource       : HikariPool-1 - Starting...
2024-12-20T11:57:54.370-05:00  INFO 34152 --- [TicketingSystem] [main] com.zaxxer.hikari.pool.HikariPool        : HikariPool-1 - Added connection org.postgresql.jdbc.PgConnection@31da0434
2024-12-20T11:57:54.372-05:00  INFO 34152 --- [TicketingSystem] [main] com.zaxxer.hikari.HikariDataSource       : HikariPool-1 - Start completed.
2024-12-20T11:57:54.449-05:00  INFO 34152 --- [TicketingSystem] [main] o.hibernate.jpa.internal.util.LogHelper  : HHH000204: Processing PersistenceUnitInfo [name: default]
2024-12-20T11:57:54.513-05:00  INFO 34152 --- [TicketingSystem] [main] org.hibernate.Version                    : HHH000412: Hibernate ORM core version 6.6.4.Final
2024-12-20T11:57:54.561-05:00  INFO 34152 --- [TicketingSystem] [main] o.h.c.internal.RegionFactoryInitiator    : HHH000026: Second-level cache disabled
2024-12-20T11:57:54.864-05:00  INFO 34152 --- [TicketingSystem] [main] o.s.o.j.p.SpringPersistenceUnitInfo      : No LoadTimeWeaver setup: ignoring JPA class transformer
2024-12-20T11:57:54.956-05:00  WARN 34152 --- [TicketingSystem] [main] org.hibernate.orm.deprecation            : HHH90000025: PostgreSQLDialect does not need to be specified explicitly using 'hibernate.dialect' (remove the property setting and it will be selected by default)
2024-12-20T11:57:55.016-05:00  INFO 34152 --- [TicketingSystem] [main] org.hibernate.orm.connections.pooling    : HHH10001005: Database info:
	Database JDBC URL [Connecting through datasource 'HikariDataSource (HikariPool-1)']
	Database driver: undefined/unknown
	Database version: 16.3
	Autocommit mode: undefined/unknown
	Isolation level: undefined/unknown
	Minimum pool size: undefined/unknown
	Maximum pool size: undefined/unknown
2024-12-20T11:57:55.631-05:00  INFO 34152 --- [TicketingSystem] [main] o.h.e.t.j.p.i.JtaPlatformInitiator       : HHH000489: No JTA platform available (set 'hibernate.transaction.jta.platform' to enable JTA platform integration)
2024-12-20T11:57:55.732-05:00  INFO 34152 --- [TicketingSystem] [main] j.LocalContainerEntityManagerFactoryBean : Initialized JPA EntityManagerFactory for persistence unit 'default'
2024-12-20T11:57:56.023-05:00  WARN 34152 --- [TicketingSystem] [main] JpaBaseConfiguration$JpaWebConfiguration : spring.jpa.open-in-view is enabled by default. Therefore, database queries may be performed during view rendering. Explicitly configure spring.jpa.open-in-view to disable this warning
2024-12-20T11:57:56.437-05:00  INFO 34152 --- [TicketingSystem] [main] o.s.b.w.embedded.tomcat.TomcatWebServer  : Tomcat started on port 8080 (http) with context path '/'
2024-12-20T11:57:56.450-05:00  INFO 34152 --- [TicketingSystem] [main] c.r.T.TicketingSystemApplication         : Started TicketingSystemApplication in 4.442 seconds (process running for 4.742)
2024-12-20T11:58:02.869-05:00  INFO 34152 --- [TicketingSystem] [http-nio-8080-exec-2] o.a.c.c.C.[Tomcat].[localhost].[/]       : Initializing Spring DispatcherServlet 'dispatcherServlet'
2024-12-20T11:58:02.870-05:00  INFO 34152 --- [TicketingSystem] [http-nio-8080-exec-2] o.s.web.servlet.DispatcherServlet        : Initializing Servlet 'dispatcherServlet'
2024-12-20T11:58:02.870-05:00  INFO 34152 --- [TicketingSystem] [http-nio-8080-exec-2] o.s.web.servlet.DispatcherServlet        : Completed initialization in 0 ms
